<?xml version="1.0" encoding="UTF-8"?>
<!-- Generated by org.testng.reporters.JUnitXMLReporter -->
<testsuite ignored="0" hostname="Raymonds-MacBook-Air.local" failures="1" tests="1" name="Error validation Test" time="8.494" errors="0" timestamp="2024-03-18T11:49:04 IST">
  <testcase classname="seleniumTutorial.Tests.ErrorValidation" name="submitEcommerce" time="4.56">
    <failure type="java.lang.AssertionError" message="expected [Incorrect email or password.] but found [Incorrect email password.]">
      <![CDATA[java.lang.AssertionError: expected [Incorrect email or password.] but found [Incorrect email password.]
at seleniumTutorial.Tests.ErrorValidation.submitEcommerce(ErrorValidation.java:20)
at java.base/java.util.ArrayList.forEach(ArrayList.java:1511)
... Removed 33 stack frames]]>
    </failure>
  </testcase> <!-- submitEcommerce -->
</testsuite> <!-- Error validation Test -->
